<?xml version="1.0" encoding="UTF-8"?>
<testsuite xmlns:xsi="http://www.w3.org/2001/XMLSchema-instance" xsi:noNamespaceSchemaLocation="https://maven.apache.org/surefire/maven-surefire-plugin/xsd/surefire-test-report-3.0.xsd" version="3.0" name="com.signature.ApiControllerTests" time="35.179" tests="7" errors="0" skipped="0" failures="0">
  <properties>
[...]
</properties>
  <testcase name="testDatabaseConnection" classname="com.signature.ApiControllerTests" time="1.547">
    <system-out><![CDATA[Standard Commons Logging discovery in action with spring-jcl: please remove commons-logging.jar from classpath in order to avoid potential conflicts
23:02:05.780 [main] INFO org.springframework.test.context.support.AnnotationConfigContextLoaderUtils -- Could not detect default configuration classes for test class [com.signature.ApiControllerTests]: ApiControllerTests does not declare any static, non-private, non-final, nested classes annotated with @Configuration.
23:02:06.006 [main] INFO org.springframework.boot.test.context.SpringBootTestContextBootstrapper -- Found @SpringBootConfiguration com.signature.SignatureBackendApplication for test class com.signature.ApiControllerTests

  .   ____          _            __ _ _
 /\\ / ___'_ __ _ _(_)_ __  __ _ \ \ \ \
( ( )\___ | '_ | '_| | '_ \/ _` | \ \ \ \
 \\/  ___)| |_)| | | | | || (_| |  ) ) ) )
  '  |____| .__|_| |_|_| |_\__, | / / / /
 =========|_|==============|___/=/_/_/_/
 :: Spring Boot ::                (v3.2.5)

2025-06-24T23:02:07.224Z  INFO 14456 --- [           main] com.signature.ApiControllerTests         : Starting ApiControllerTests using Java 21.0.6 with PID 14456 (started by HIGH LEVEL in C:\Users\HIGH LEVEL\Documents\EDITOSYSTEM\Projects\E-SIGNATURE)
2025-06-24T23:02:07.224Z  INFO 14456 --- [           main] com.signature.ApiControllerTests         : No active profile set, falling back to 1 default profile: "default"
2025-06-24T23:02:08.614Z  INFO 14456 --- [           main] .s.d.r.c.RepositoryConfigurationDelegate : Bootstrapping Spring Data JPA repositories in DEFAULT mode.
2025-06-24T23:02:08.766Z  INFO 14456 --- [           main] .s.d.r.c.RepositoryConfigurationDelegate : Finished Spring Data repository scanning in 123 ms. Found 3 JPA repository interfaces.
2025-06-24T23:02:09.729Z  INFO 14456 --- [           main] com.zaxxer.hikari.HikariDataSource       : HikariPool-1 - Starting...
2025-06-24T23:02:12.925Z  INFO 14456 --- [           main] com.zaxxer.hikari.pool.HikariPool        : HikariPool-1 - Added connection org.postgresql.jdbc.PgConnection@5f193335
2025-06-24T23:02:12.942Z  INFO 14456 --- [           main] com.zaxxer.hikari.HikariDataSource       : HikariPool-1 - Start completed.
2025-06-24T23:02:13.471Z  INFO 14456 --- [           main] o.f.c.internal.license.VersionPrinter    : Flyway Community Edition 9.22.3 by Redgate
2025-06-24T23:02:13.471Z  INFO 14456 --- [           main] o.f.c.internal.license.VersionPrinter    : See release notes here: https://rd.gt/416ObMi
2025-06-24T23:02:13.471Z  INFO 14456 --- [           main] o.f.c.internal.license.VersionPrinter    : 
2025-06-24T23:02:14.062Z  INFO 14456 --- [           main] org.flywaydb.core.FlywayExecutor         : Database: jdbc:postgresql://dpg-d1ddcoemcj7s73foldn0-a.frankfurt-postgres.render.com:5432/signaturedb (PostgreSQL 16.9)
2025-06-24T23:02:15.790Z  WARN 14456 --- [           main] o.f.c.internal.database.base.Database    : Flyway upgrade recommended: PostgreSQL 16.9 is newer than this version of Flyway and support has not been tested. The latest supported version of PostgreSQL is 15.
2025-06-24T23:02:16.591Z  INFO 14456 --- [           main] o.f.core.internal.command.DbValidate     : Successfully validated 1 migration (execution time 00:00.651s)
2025-06-24T23:02:20.007Z  INFO 14456 --- [           main] o.f.core.internal.command.DbMigrate      : Current version of schema "public": 1
2025-06-24T23:02:20.211Z  INFO 14456 --- [           main] o.f.core.internal.command.DbMigrate      : Schema "public" is up to date. No migration necessary.
2025-06-24T23:02:21.989Z  INFO 14456 --- [           main] o.hibernate.jpa.internal.util.LogHelper  : HHH000204: Processing PersistenceUnitInfo [name: default]
2025-06-24T23:02:22.150Z  INFO 14456 --- [           main] org.hibernate.Version                    : HHH000412: Hibernate ORM core version 6.4.4.Final
2025-06-24T23:02:22.228Z  INFO 14456 --- [           main] o.h.c.internal.RegionFactoryInitiator    : HHH000026: Second-level cache disabled
2025-06-24T23:02:22.795Z  INFO 14456 --- [           main] o.s.o.j.p.SpringPersistenceUnitInfo      : No LoadTimeWeaver setup: ignoring JPA class transformer
2025-06-24T23:02:26.247Z  INFO 14456 --- [           main] o.h.e.t.j.p.i.JtaPlatformInitiator       : HHH000489: No JTA platform available (set 'hibernate.transaction.jta.platform' to enable JTA platform integration)
2025-06-24T23:02:30.238Z  INFO 14456 --- [           main] j.LocalContainerEntityManagerFactoryBean : Initialized JPA EntityManagerFactory for persistence unit 'default'
2025-06-24T23:02:31.229Z  WARN 14456 --- [           main] JpaBaseConfiguration$JpaWebConfiguration : spring.jpa.open-in-view is enabled by default. Therefore, database queries may be performed during view rendering. Explicitly configure spring.jpa.open-in-view to disable this warning
2025-06-24T23:02:31.863Z  INFO 14456 --- [           main] o.s.s.web.DefaultSecurityFilterChain     : Will secure any request with [org.springframework.security.web.session.DisableEncodeUrlFilter@534c3b9d, org.springframework.security.web.context.request.async.WebAsyncManagerIntegrationFilter@69b436a7, org.springframework.security.web.context.SecurityContextHolderFilter@64e680c5, org.springframework.security.web.header.HeaderWriterFilter@7859fc7, org.springframework.web.filter.CorsFilter@5dfd4fac, org.springframework.security.web.authentication.logout.LogoutFilter@c6a1be2, com.signature.infrastructure.config.JwtAuthenticationFilter@44723d95, org.springframework.security.web.savedrequest.RequestCacheAwareFilter@64ba5a71, org.springframework.security.web.servletapi.SecurityContextHolderAwareRequestFilter@72b689f6, org.springframework.security.web.authentication.AnonymousAuthenticationFilter@1d2aa638, org.springframework.security.web.session.SessionManagementFilter@14f03f2, org.springframework.security.web.access.ExceptionTranslationFilter@36def543, org.springframework.security.web.access.intercept.AuthorizationFilter@696a6506]
2025-06-24T23:02:32.529Z  INFO 14456 --- [           main] o.s.b.t.m.w.SpringBootMockServletContext : Initializing Spring TestDispatcherServlet ''
2025-06-24T23:02:32.530Z  INFO 14456 --- [           main] o.s.t.web.servlet.TestDispatcherServlet  : Initializing Servlet ''
2025-06-24T23:02:32.531Z  INFO 14456 --- [           main] o.s.t.web.servlet.TestDispatcherServlet  : Completed initialization in 1 ms
2025-06-24T23:02:32.571Z  INFO 14456 --- [           main] com.signature.ApiControllerTests         : Started ApiControllerTests in 25.945 seconds (process running for 28.397)
✅ Database Connection Done.
]]></system-out>
    <system-err><![CDATA[WARNING: A Java agent has been loaded dynamically (C:\Users\HIGH LEVEL\.m2\repository\net\bytebuddy\byte-buddy-agent\1.14.13\byte-buddy-agent-1.14.13.jar)
WARNING: If a serviceability tool is in use, please run with -XX:+EnableDynamicAgentLoading to hide this warning
WARNING: If a serviceability tool is not in use, please run with -Djdk.instrument.traceUsage for more information
WARNING: Dynamic loading of agents will be disallowed by default in a future release
]]></system-err>
  </testcase>
  <testcase name="testRegister" classname="com.signature.ApiControllerTests" time="1.258">
    <system-out><![CDATA[Hibernate: select u1_0.id,u1_0.created_at,u1_0.email,u1_0.password from users u1_0 where u1_0.email=?
]]></system-out>
    <system-err><![CDATA[❌ Test Register Failed : Status = 400
Error Message : Email already taken
]]></system-err>
  </testcase>
  <testcase name="testLogin" classname="com.signature.ApiControllerTests" time="0.544">
    <system-out><![CDATA[Hibernate: select u1_0.id,u1_0.created_at,u1_0.email,u1_0.password from users u1_0 where u1_0.email=?
✅ Test Login: Passed
]]></system-out>
  </testcase>
  <testcase name="testGetDocumentsByUser" classname="com.signature.ApiControllerTests" time="0.527">
    <system-out><![CDATA[Hibernate: select u1_0.id,u1_0.created_at,u1_0.email,u1_0.password from users u1_0 where u1_0.email=?
Hibernate: select d1_0.id,d1_0.created_at,d1_0.filename,d1_0.owner_id,d1_0.path,d1_0.signed from documents d1_0 left join users o1_0 on o1_0.id=d1_0.owner_id where o1_0.id=?
✅ Test Get Documents: Passed
]]></system-out>
  </testcase>
  <testcase name="testUploadDocument" classname="com.signature.ApiControllerTests" time="0.968">
    <system-out><![CDATA[Hibernate: select u1_0.id,u1_0.created_at,u1_0.email,u1_0.password from users u1_0 where u1_0.email=?
Hibernate: insert into documents (created_at,filename,owner_id,path,signed) values (?,?,?,?,?)
✅ Test Upload Document: Passed
]]></system-out>
  </testcase>
  <testcase name="testSignDocumentWithImage" classname="com.signature.ApiControllerTests" time="1.996">
    <system-out><![CDATA[Hibernate: select d1_0.id,d1_0.created_at,d1_0.filename,o1_0.id,o1_0.created_at,o1_0.email,o1_0.password,d1_0.path,d1_0.signed from documents d1_0 left join users o1_0 on o1_0.id=d1_0.owner_id where d1_0.id=?
Hibernate: select u1_0.id,u1_0.created_at,u1_0.email,u1_0.password from users u1_0 where u1_0.email=?
Hibernate: insert into signatures (document_id,signed_at,user_id) values (?,?,?)
✅ Test Sign Document With Image: Passed
]]></system-out>
  </testcase>
  <testcase name="testSignDocumentWithoutImage" classname="com.signature.ApiControllerTests" time="0.94">
    <system-out><![CDATA[Hibernate: select d1_0.id,d1_0.created_at,d1_0.filename,o1_0.id,o1_0.created_at,o1_0.email,o1_0.password,d1_0.path,d1_0.signed from documents d1_0 left join users o1_0 on o1_0.id=d1_0.owner_id where d1_0.id=?
Hibernate: select u1_0.id,u1_0.created_at,u1_0.email,u1_0.password from users u1_0 where u1_0.email=?
Hibernate: insert into signatures (document_id,signed_at,user_id) values (?,?,?)
✅ Test Sign Document Without Image: Passed
]]></system-out>
  </testcase>
</testsuite>